#
# A fatal error has been detected by the Java Runtime Environment:
#
#  EXCEPTION_ACCESS_VIOLATION (0xc0000005) at pc=0x000000005bcbb7b0, pid=9300, tid=0x0000000000002298
#
# JRE version: OpenJDK Runtime Environment (8.0_242-b01) (build 1.8.0_242-release-1644-b01)
# Java VM: OpenJDK 64-Bit Server VM (25.242-b01 mixed mode windows-amd64 compressed oops)
# Problematic frame:
# V  [jvm.dll+0x8b7b0]
#
# Failed to write core dump. Minidumps are not enabled by default on client versions of Windows
#
# If you would like to submit a bug report, please visit:
#   
#

---------------  T H R E A D  ---------------

Current thread (0x0000000004b77000):  GCTaskThread [stack: 0x00000000147c0000,0x00000000148c0000] [id=8856]

siginfo: ExceptionCode=0xc0000005, reading address 0x000000014056e8f8

Registers:
RAX=0x0000000000000001, RBX=0x00000000dc5ecac0, RCX=0x00000000dc5ecac0, RDX=0x000000014056e8f0
RSP=0x00000000148bf218, RBP=0x0000000014105f01, RSI=0x0000000019923e40, RDI=0x0000000080bd5808
R8 =0x0000000019923e40, R9 =0x0000000000000005, R10=0x0000000000000008, R11=0x00000000dea91a80
R12=0x0000000014105eab, R13=0x000000000000000d, R14=0x0000000000000000, R15=0x0000000004b6da20
RIP=0x000000005bcbb7b0, EFLAGS=0x0000000000010206

Top of Stack: (sp=0x00000000148bf218)
0x00000000148bf218:   000000005c0027b2 00000000dc5ecab0
0x00000000148bf228:   0000000000000002 0000000019923e40
0x00000000148bf238:   00000000dc6a1c58 00000000dea89a90
0x00000000148bf248:   0000000000001000 0000000019923e40
0x00000000148bf258:   000000005bd1e3a3 0000000000000000
0x00000000148bf268:   0000000019923e00 0000000014105eab
0x00000000148bf278:   000000005c002b20 00000000dea906cc
0x00000000148bf288:   0000000014105f01 0000000019923e40
0x00000000148bf298:   0000000080bd5808 00000000dea906cc
0x00000000148bf2a8:   000000005c0036c5 00000000dc452110
0x00000000148bf2b8:   0000000014105f01 0000000019923e40
0x00000000148bf2c8:   0000000000000004 0000000019923e40
0x00000000148bf2d8:   000000005bcf785a 0000000080bd2424
0x00000000148bf2e8:   000000005bd1fdb0 0000000080bd244d
0x00000000148bf2f8:   0000000080bd244d 0000000080a97829
0x00000000148bf308:   0000000080a97829 0000000080bd56cc 

Instructions: (pc=0x000000005bcbb7b0)
0x000000005bcbb790:   1c 8f 1d 00 48 8b 9c 24 c0 00 00 00 48 81 c4 b0
0x000000005bcbb7a0:   00 00 00 5d c3 cc cc cc cc cc cc cc cc cc cc cc
0x000000005bcbb7b0:   44 8b 42 08 4c 8b ca 45 85 c0 7e 0e 41 f6 c0 01
0x000000005bcbb7c0:   75 57 41 c1 f8 03 41 8b c0 c3 79 4d 80 3d 7e 97 


Register to memory mapping:

RAX=0x0000000000000001 is an unknown value
RBX=0x00000000dc5ecac0 is an oop

[error occurred during error reporting (printing register info), id 0xc0000005]

Stack: [0x00000000147c0000,0x00000000148c0000],  sp=0x00000000148bf218,  free space=1020k
Native frames: (J=compiled Java code, j=interpreted, Vv=VM code, C=native code)
V  [jvm.dll+0x8b7b0]


---------------  P R O C E S S  ---------------

Java Threads: ( => current thread )
  0x0000000020334800 JavaThread "Cache worker for Build Output Cleanup Cache (C:\Users\saket\Documents\GitHub\Study_Partner\.gradle\buildOutputCleanup)" [_thread_blocked, id=5184, stack(0x0000000025a80000,0x0000000025b80000)]
  0x000000002032a800 JavaThread "pool-1-thread-1" [_thread_blocked, id=9920, stack(0x0000000025780000,0x0000000025880000)]
  0x0000000020330800 JavaThread "Build operations Thread 4" [_thread_blocked, id=3920, stack(0x0000000025480000,0x0000000025580000)]
  0x000000002032e800 JavaThread "Build operations Thread 3" [_thread_blocked, id=7612, stack(0x0000000025380000,0x0000000025480000)]
  0x0000000020331800 JavaThread "Build operations Thread 2" [_thread_blocked, id=3084, stack(0x0000000024780000,0x0000000024880000)]
  0x0000000020329000 JavaThread "Build operations" [_thread_blocked, id=1200, stack(0x0000000024680000,0x0000000024780000)]
  0x000000001c93c800 JavaThread "Cache worker for execution history cache (C:\Users\saket\.gradle\caches\6.1.1\executionHistory)" [_thread_blocked, id=9368, stack(0x00000000227b0000,0x00000000228b0000)]
  0x000000001c940800 JavaThread "Cache worker for cache directory md-rule (C:\Users\saket\.gradle\caches\6.1.1\md-rule)" [_thread_blocked, id=2852, stack(0x00000000226b0000,0x00000000227b0000)]
  0x000000001c93d800 JavaThread "Cache worker for cache directory md-supplier (C:\Users\saket\.gradle\caches\6.1.1\md-supplier)" [_thread_blocked, id=5212, stack(0x00000000225b0000,0x00000000226b0000)]
  0x000000001c93b000 JavaThread "Cache worker for file hash cache (C:\Users\saket\Documents\GitHub\Study_Partner\.gradle\6.1.1\fileHashes)" [_thread_blocked, id=1052, stack(0x00000000220b0000,0x00000000221b0000)]
  0x000000001c93f800 JavaThread "Cache worker for checksums cache (C:\Users\saket\Documents\GitHub\Study_Partner\.gradle\checksums)" [_thread_blocked, id=9604, stack(0x0000000021e50000,0x0000000021f50000)]
  0x000000001c942000 JavaThread "Cache worker for file hash cache (C:\Users\saket\.gradle\caches\6.1.1\fileHashes)" [_thread_blocked, id=6916, stack(0x000000001f960000,0x000000001fa60000)]
  0x000000001c93c000 JavaThread "File lock request listener" [_thread_in_native, id=7448, stack(0x000000001f860000,0x000000001f960000)]
  0x000000001be79800 JavaThread "Cache worker for journal cache (C:\Users\saket\.gradle\caches\journal-1)" [_thread_blocked, id=5224, stack(0x000000001f760000,0x000000001f860000)]
  0x000000001d2be000 JavaThread "Thread-9" [_thread_blocked, id=7648, stack(0x000000001f460000,0x000000001f560000)]
  0x000000001d296000 JavaThread "Asynchronous log dispatcher for DefaultDaemonConnection: socket connection from /127.0.0.1:51254 to /127.0.0.1:51255" [_thread_blocked, id=2620, stack(0x000000001f260000,0x000000001f360000)]
  0x000000001d29b000 JavaThread "Daemon worker" [_thread_blocked, id=6988, stack(0x000000001f160000,0x000000001f260000)]
  0x000000001d29a000 JavaThread "Cancel handler" [_thread_blocked, id=7916, stack(0x000000001f060000,0x000000001f160000)]
  0x000000001c3ac000 JavaThread "Handler for socket connection from /127.0.0.1:51254 to /127.0.0.1:51255" [_thread_in_native, id=7520, stack(0x000000001ed60000,0x000000001ee60000)]
  0x000000001d26e800 JavaThread "Daemon" [_thread_blocked, id=5428, stack(0x000000001ec60000,0x000000001ed60000)]
  0x000000001b68d800 JavaThread "Daemon periodic checks" [_thread_blocked, id=800, stack(0x000000001eb60000,0x000000001ec60000)]
  0x000000001c557800 JavaThread "Incoming local TCP Connector on port 51254" [_thread_in_native, id=9824, stack(0x000000001e680000,0x000000001e780000)]
  0x000000001b33a800 JavaThread "Daemon health stats" [_thread_blocked, id=3904, stack(0x000000001e040000,0x000000001e140000)]
  0x000000001b2cc000 JavaThread "Service Thread" daemon [_thread_blocked, id=5612, stack(0x000000001b6a0000,0x000000001b7a0000)]
  0x00000000199be000 JavaThread "C1 CompilerThread2" daemon [_thread_blocked, id=8032, stack(0x000000001b1a0000,0x000000001b2a0000)]
  0x00000000199bb800 JavaThread "C2 CompilerThread1" daemon [_thread_blocked, id=5372, stack(0x000000001b0a0000,0x000000001b1a0000)]
  0x0000000019965800 JavaThread "C2 CompilerThread0" daemon [_thread_blocked, id=2652, stack(0x000000001afa0000,0x000000001b0a0000)]
  0x0000000019962800 JavaThread "Attach Listener" daemon [_thread_blocked, id=3656, stack(0x000000001aea0000,0x000000001afa0000)]
  0x0000000019961000 JavaThread "Signal Dispatcher" daemon [_thread_blocked, id=7256, stack(0x000000001ada0000,0x000000001aea0000)]
  0x0000000004c5b000 JavaThread "Finalizer" daemon [_thread_blocked, id=9412, stack(0x000000001abb0000,0x000000001acb0000)]
  0x0000000004c51000 JavaThread "Reference Handler" daemon [_thread_blocked, id=6636, stack(0x000000001aab0000,0x000000001abb0000)]
  0x0000000004b60800 JavaThread "main" [_thread_blocked, id=5084, stack(0x00000000032b0000,0x00000000033b0000)]

Other Threads:
  0x0000000019926800 VMThread [stack: 0x000000001a9b0000,0x000000001aab0000] [id=5536]
  0x000000001b2cd000 WatcherThread [stack: 0x000000001b7a0000,0x000000001b8a0000] [id=5012]

=>0x0000000004b77000 (exited) GCTaskThread [stack: 0x00000000147c0000,0x00000000148c0000] [id=8856]

VM state:at safepoint (normal execution)

VM Mutex/Monitor currently owned by a thread:  ([mutex/lock_event])
[0x0000000004d3ca20] Threads_lock - owner thread: 0x0000000019926800
[0x0000000004d3c3a0] Heap_lock - owner thread: 0x000000001d29b000

heap address: 0x0000000080000000, size: 2048 MB, Compressed Oops mode: 32-bit
Narrow klass base: 0x0000000000000000, Narrow klass shift: 3
Compressed class space size: 1073741824 Address: 0x0000000100000000

Heap:
 PSYoungGen      total 118272K, used 108065K [0x00000000d5580000, 0x00000000dec80000, 0x0000000100000000)
  eden space 105984K, 90% used [0x00000000d5580000,0x00000000db30faa8,0x00000000dbd00000)
  from space 12288K, 99% used [0x00000000dbd00000,0x00000000dc8f8c40,0x00000000dc900000)
  to   space 14336K, 99% used [0x00000000dde80000,0x00000000dec79a90,0x00000000dec80000)
 ParOldGen       total 89600K, used 21060K [0x0000000080000000, 0x0000000085780000, 0x00000000d5580000)
  object space 89600K, 23% used [0x0000000080000000,0x00000000814911f0,0x0000000085780000)
 Metaspace       used 57092K, capacity 59044K, committed 59160K, reserved 1101824K
  class space    used 7390K, capacity 7829K, committed 7848K, reserved 1048576K

Card table byte_map: [0x0000000014100000,0x0000000014510000] byte_map_base: 0x0000000013d00000

Marking Bits: (ParMarkBitMap*) 0x000000005c3ff030
 Begin Bits: [0x0000000014bc0000, 0x0000000016bc0000)
 End Bits:   [0x0000000016bc0000, 0x0000000018bc0000)

Polling page: 0x0000000002e00000

CodeCache: size=245760Kb used=20135Kb max_used=20142Kb free=225624Kb
 bounds [0x0000000004d40000, 0x0000000006100000, 0x0000000013d40000]
 total_blobs=6398 nmethods=5566 adapters=746
 compilation: enabled

Compilation events (10 events):
Event: 86.844 Thread 0x00000000199be000 6303       3       com.android.tools.build.jetifier.core.type.JavaType::hashCode (17 bytes)
Event: 86.844 Thread 0x00000000199be000 nmethod 6303 0x00000000060f7bd0 code [0x00000000060f7d40, 0x00000000060f7f28]
Event: 86.848 Thread 0x00000000199be000 6304       3       com.android.tools.build.jetifier.core.type.JavaType::hasInnerType (16 bytes)
Event: 86.849 Thread 0x00000000199be000 nmethod 6304 0x00000000060f73d0 code [0x00000000060f7580, 0x00000000060f7998]
Event: 86.849 Thread 0x00000000199bb800 6305       4       kotlin.text.StringsKt__StringsKt::indexOf (51 bytes)
Event: 86.855 Thread 0x00000000199bb800 nmethod 6305 0x00000000060f5990 code [0x00000000060f5ae0, 0x00000000060f5cd8]
Event: 86.874 Thread 0x00000000199be000 6306       1       com.android.tools.build.jetifier.core.pom.PomRewriteRule::getFrom (5 bytes)
Event: 86.875 Thread 0x00000000199be000 nmethod 6306 0x00000000060f5650 code [0x00000000060f57a0, 0x00000000060f58b0]
Event: 86.875 Thread 0x00000000199be000 6307       3       kotlin.internal.ProgressionUtilKt::getProgressionLastElement (64 bytes)
Event: 86.877 Thread 0x00000000199be000 nmethod 6307 0x00000000060f6450 code [0x00000000060f6640, 0x00000000060f6f28]

GC Heap History (10 events):
Event: 13.739 GC heap after
Heap after GC invocations=9 (full 1):
 PSYoungGen      total 93184K, used 7265K [0x00000000d5580000, 0x00000000dbc80000, 0x0000000100000000)
  eden space 82432K, 0% used [0x00000000d5580000,0x00000000d5580000,0x00000000da600000)
  from space 10752K, 67% used [0x00000000db080000,0x00000000db798728,0x00000000dbb00000)
  to   space 10752K, 0% used [0x00000000da600000,0x00000000da600000,0x00000000db080000)
 ParOldGen       total 56832K, used 8990K [0x0000000080000000, 0x0000000083780000, 0x00000000d5580000)
  object space 56832K, 15% used [0x0000000080000000,0x00000000808c7888,0x0000000083780000)
 Metaspace       used 31300K, capacity 32148K, committed 32432K, reserved 1077248K
  class space    used 4217K, capacity 4489K, committed 4528K, reserved 1048576K
}
Event: 17.583 GC heap before
{Heap before GC invocations=10 (full 1):
 PSYoungGen      total 93184K, used 71627K [0x00000000d5580000, 0x00000000dbc80000, 0x0000000100000000)
  eden space 82432K, 78% used [0x00000000d5580000,0x00000000d945a638,0x00000000da600000)
  from space 10752K, 67% used [0x00000000db080000,0x00000000db798728,0x00000000dbb00000)
  to   space 10752K, 0% used [0x00000000da600000,0x00000000da600000,0x00000000db080000)
 ParOldGen       total 56832K, used 8990K [0x0000000080000000, 0x0000000083780000, 0x00000000d5580000)
  object space 56832K, 15% used [0x0000000080000000,0x00000000808c7888,0x0000000083780000)
 Metaspace       used 34445K, capacity 35386K, committed 35496K, reserved 1079296K
  class space    used 4681K, capacity 4942K, committed 5032K, reserved 1048576K
Event: 17.613 GC heap after
Heap after GC invocations=10 (full 1):
 PSYoungGen      total 93184K, used 10741K [0x00000000d5580000, 0x00000000dd780000, 0x0000000100000000)
  eden space 82432K, 0% used [0x00000000d5580000,0x00000000d5580000,0x00000000da600000)
  from space 10752K, 99% used [0x00000000da600000,0x00000000db07d4e8,0x00000000db080000)
  to   space 12288K, 0% used [0x00000000dcb80000,0x00000000dcb80000,0x00000000dd780000)
 ParOldGen       total 56832K, used 9122K [0x0000000080000000, 0x0000000083780000, 0x00000000d5580000)
  object space 56832K, 16% used [0x0000000080000000,0x00000000808e88a0,0x0000000083780000)
 Metaspace       used 34445K, capacity 35386K, committed 35496K, reserved 1079296K
  class space    used 4681K, capacity 4942K, committed 5032K, reserved 1048576K
}
Event: 17.613 GC heap before
{Heap before GC invocations=11 (full 2):
 PSYoungGen      total 93184K, used 10741K [0x00000000d5580000, 0x00000000dd780000, 0x0000000100000000)
  eden space 82432K, 0% used [0x00000000d5580000,0x00000000d5580000,0x00000000da600000)
  from space 10752K, 99% used [0x00000000da600000,0x00000000db07d4e8,0x00000000db080000)
  to   space 12288K, 0% used [0x00000000dcb80000,0x00000000dcb80000,0x00000000dd780000)
 ParOldGen       total 56832K, used 9122K [0x0000000080000000, 0x0000000083780000, 0x00000000d5580000)
  object space 56832K, 16% used [0x0000000080000000,0x00000000808e88a0,0x0000000083780000)
 Metaspace       used 34445K, capacity 35386K, committed 35496K, reserved 1079296K
  class space    used 4681K, capacity 4942K, committed 5032K, reserved 1048576K
Event: 17.739 GC heap after
Heap after GC invocations=11 (full 2):
 PSYoungGen      total 93184K, used 0K [0x00000000d5580000, 0x00000000dd780000, 0x0000000100000000)
  eden space 82432K, 0% used [0x00000000d5580000,0x00000000d5580000,0x00000000da600000)
  from space 10752K, 0% used [0x00000000da600000,0x00000000da600000,0x00000000db080000)
  to   space 12288K, 0% used [0x00000000dcb80000,0x00000000dcb80000,0x00000000dd780000)
 ParOldGen       total 89600K, used 18023K [0x0000000080000000, 0x0000000085780000, 0x00000000d5580000)
  object space 89600K, 20% used [0x0000000080000000,0x0000000081199da8,0x0000000085780000)
 Metaspace       used 34445K, capacity 35386K, committed 35496K, reserved 1079296K
  class space    used 4681K, capacity 4942K, committed 5032K, reserved 1048576K
}
Event: 21.635 GC heap before
{Heap before GC invocations=12 (full 2):
 PSYoungGen      total 93184K, used 82432K [0x00000000d5580000, 0x00000000dd780000, 0x0000000100000000)
  eden space 82432K, 100% used [0x00000000d5580000,0x00000000da600000,0x00000000da600000)
  from space 10752K, 0% used [0x00000000da600000,0x00000000da600000,0x00000000db080000)
  to   space 12288K, 0% used [0x00000000dcb80000,0x00000000dcb80000,0x00000000dd780000)
 ParOldGen       total 89600K, used 18023K [0x0000000080000000, 0x0000000085780000, 0x00000000d5580000)
  object space 89600K, 20% used [0x0000000080000000,0x0000000081199da8,0x0000000085780000)
 Metaspace       used 40729K, capacity 41998K, committed 42280K, reserved 1085440K
  class space    used 5488K, capacity 5813K, committed 5928K, reserved 1048576K
Event: 21.671 GC heap after
Heap after GC invocations=12 (full 2):
 PSYoungGen      total 113152K, used 9440K [0x00000000d5580000, 0x00000000dd500000, 0x0000000100000000)
  eden space 103424K, 0% used [0x00000000d5580000,0x00000000d5580000,0x00000000dba80000)
  from space 9728K, 97% used [0x00000000dcb80000,0x00000000dd4b83a0,0x00000000dd500000)
  to   space 12288K, 0% used [0x00000000dbd00000,0x00000000dbd00000,0x00000000dc900000)
 ParOldGen       total 89600K, used 18031K [0x0000000080000000, 0x0000000085780000, 0x00000000d5580000)
  object space 89600K, 20% used [0x0000000080000000,0x000000008119bda8,0x0000000085780000)
 Metaspace       used 40729K, capacity 41998K, committed 42280K, reserved 1085440K
  class space    used 5488K, capacity 5813K, committed 5928K, reserved 1048576K
}
Event: 70.731 GC heap before
{Heap before GC invocations=13 (full 2):
 PSYoungGen      total 113152K, used 112864K [0x00000000d5580000, 0x00000000dd500000, 0x0000000100000000)
  eden space 103424K, 100% used [0x00000000d5580000,0x00000000dba80000,0x00000000dba80000)
  from space 9728K, 97% used [0x00000000dcb80000,0x00000000dd4b83a0,0x00000000dd500000)
  to   space 12288K, 0% used [0x00000000dbd00000,0x00000000dbd00000,0x00000000dc900000)
 ParOldGen       total 89600K, used 18031K [0x0000000080000000, 0x0000000085780000, 0x00000000d5580000)
  object space 89600K, 20% used [0x0000000080000000,0x000000008119bda8,0x0000000085780000)
 Metaspace       used 48074K, capacity 49872K, committed 50088K, reserved 1093632K
  class space    used 6283K, capacity 6720K, committed 6824K, reserved 1048576K
Event: 70.767 GC heap after
Heap after GC invocations=13 (full 2):
 PSYoungGen      total 118272K, used 12259K [0x00000000d5580000, 0x00000000dec80000, 0x0000000100000000)
  eden space 105984K, 0% used [0x00000000d5580000,0x00000000d5580000,0x00000000dbd00000)
  from space 12288K, 99% used [0x00000000dbd00000,0x00000000dc8f8c40,0x00000000dc900000)
  to   space 14336K, 0% used [0x00000000dde80000,0x00000000dde80000,0x00000000dec80000)
 ParOldGen       total 89600K, used 19209K [0x0000000080000000, 0x0000000085780000, 0x00000000d5580000)
  object space 89600K, 21% used [0x0000000080000000,0x00000000812c2420,0x0000000085780000)
 Metaspace       used 48074K, capacity 49872K, committed 50088K, reserved 1093632K
  class space    used 6283K, capacity 6720K, committed 6824K, reserved 1048576K
}
Event: 86.880 GC heap before
{Heap before GC invocations=14 (full 2):
 PSYoungGen      total 118272K, used 108065K [0x00000000d5580000, 0x00000000dec80000, 0x0000000100000000)
  eden space 105984K, 90% used [0x00000000d5580000,0x00000000db30faa8,0x00000000dbd00000)
  from space 12288K, 99% used [0x00000000dbd00000,0x00000000dc8f8c40,0x00000000dc900000)
  to   space 14336K, 0% used [0x00000000dde80000,0x00000000dde80000,0x00000000dec80000)
 ParOldGen       total 89600K, used 19209K [0x0000000080000000, 0x0000000085780000, 0x00000000d5580000)
  object space 89600K, 21% used [0x0000000080000000,0x00000000812c2420,0x0000000085780000)
 Metaspace       used 57092K, capacity 59044K, committed 59160K, reserved 1101824K
  class space    used 7390K, capacity 7829K, committed 7848K, reserved 1048576K

Deoptimization events (10 events):
Event: 81.132 Thread 0x000000001d29b000 Uncommon trap: reason=unstable_if action=reinterpret pc=0x00000000052da130 method=java.security.CodeSource.<init>(Ljava/net/URL;[Ljava/security/CodeSigner;)V @ 25
Event: 81.135 Thread 0x000000001d29b000 Uncommon trap: reason=unstable_if action=reinterpret pc=0x0000000004ef5fec method=java.security.CodeSource.getCertificates()[Ljava/security/cert/Certificate; @ 22
Event: 81.173 Thread 0x000000001d29b000 Uncommon trap: reason=unstable_if action=reinterpret pc=0x0000000005661e74 method=java.util.jar.JarFile.maybeInstantiateVerifier()V @ 4
Event: 81.173 Thread 0x000000001d29b000 Uncommon trap: reason=unstable_if action=reinterpret pc=0x00000000052dd984 method=java.util.jar.JarFile.maybeInstantiateVerifier()V @ 4
Event: 81.175 Thread 0x000000001d29b000 Uncommon trap: reason=unstable_if action=reinterpret pc=0x0000000005259a30 method=java.util.jar.JarFile.maybeInstantiateVerifier()V @ 4
Event: 81.176 Thread 0x000000001d29b000 Uncommon trap: reason=unstable_if action=reinterpret pc=0x000000000593c86c method=java.security.CodeSource.matchCerts(Ljava/security/CodeSource;Z)Z @ 11
Event: 81.176 Thread 0x000000001d29b000 Uncommon trap: reason=unstable_if action=reinterpret pc=0x0000000005858d28 method=java.lang.ClassLoader.compareCerts([Ljava/security/cert/Certificate;[Ljava/security/cert/Certificate;)Z @ 1
Event: 81.299 Thread 0x000000001d29b000 Uncommon trap: reason=unstable_if action=reinterpret pc=0x0000000005fcb51c method=sun.security.util.ManifestDigester.findSection(ILsun/security/util/ManifestDigester$Position;)Z @ 134
Event: 82.030 Thread 0x000000001d29b000 Uncommon trap: reason=unstable_if action=reinterpret pc=0x0000000004effba8 method=java.security.CodeSource.matchCerts(Ljava/security/CodeSource;Z)Z @ 11
Event: 83.896 Thread 0x000000001d29b000 Uncommon trap: reason=unstable_if action=reinterpret pc=0x000000000514dc68 method=org.objectweb.asm.ByteVector.putUTF8(Ljava/lang/String;)Lorg/objectweb/asm/ByteVector; @ 93

Classes redefined (0 events):
No events

Internal exceptions (10 events):
Event: 69.603 Thread 0x000000001d29b000 Exception <a 'java/lang/ClassNotFoundException': build_3xzh7tq5s39f6rzgu3yl0zobjCustomizer> (0x00000000db335828) thrown at [C:\src\AOSP-openjdk-git\hotspot\src\share\vm\classfile\systemDictionary.cpp, line 210]
Event: 71.709 Thread 0x000000001d29b000 Implicit null exception at 0x00000000059538d2 to 0x000000000595d695
Event: 71.710 Thread 0x000000001d29b000 Implicit null exception at 0x00000000056fce95 to 0x00000000056fd179
Event: 73.523 Thread 0x000000001d29b000 Implicit null exception at 0x0000000005a14c27 to 0x0000000005a150d9
Event: 73.764 Thread 0x000000001d29b000 Exception <a 'sun/nio/fs/WindowsException'> (0x00000000d6071080) thrown at [C:\src\AOSP-openjdk-git\hotspot\src\share\vm\prims\jni.cpp, line 710]
Event: 80.981 Thread 0x000000001d29b000 Implicit null exception at 0x0000000005ae2a08 to 0x0000000005ae2f4d
Event: 85.070 Thread 0x000000001d29b000 Exception <a 'java/lang/ClassNotFoundException': com/android/build/gradle/internal/api/DefaultAndroidSourceSet_DecoratedBeanInfo> (0x00000000da012648) thrown at [C:\src\AOSP-openjdk-git\hotspot\src\share\vm\classfile\systemDictionary.cpp, line 210]
Event: 85.073 Thread 0x000000001d29b000 Exception <a 'java/lang/ClassNotFoundException': com/android/build/gradle/internal/api/DefaultAndroidSourceSetBeanInfo> (0x00000000da036700) thrown at [C:\src\AOSP-openjdk-git\hotspot\src\share\vm\classfile\systemDictionary.cpp, line 210]
Event: 85.075 Thread 0x000000001d29b000 Exception <a 'java/lang/ClassNotFoundException': com/android/build/gradle/internal/api/DefaultAndroidSourceSetCustomizer> (0x00000000da05aec0) thrown at [C:\src\AOSP-openjdk-git\hotspot\src\share\vm\classfile\systemDictionary.cpp, line 210]
Event: 85.080 Thread 0x000000001d29b000 Exception <a 'java/lang/ClassNotFoundException': com/android/build/gradle/internal/api/DefaultAndroidSourceSet_DecoratedCustomizer> (0x00000000da0cd028) thrown at [C:\src\AOSP-openjdk-git\hotspot\src\share\vm\classfile\systemDictionary.cpp, line 210]

Events (10 events):
Event: 86.867 loading class com/android/tools/build/jetifier/core/proguard/ProGuardTypesMap$Companion done
Event: 86.868 loading class com/android/tools/build/jetifier/core/proguard/ProGuardTypesMap$expandedRules$2
Event: 86.868 loading class com/android/tools/build/jetifier/core/proguard/ProGuardTypesMap$expandedRules$2 done
Event: 86.871 loading class com/android/tools/build/jetifier/core/config/Config$Companion
Event: 86.871 loading class com/android/tools/build/jetifier/core/config/Config$Companion done
Event: 86.875 loading class com/android/tools/build/jetifier/core/pom/DependencyVersions
Event: 86.875 loading class com/android/tools/build/jetifier/core/pom/DependencyVersions done
Event: 86.878 loading class com/android/tools/build/jetifier/core/pom/DependencyVersions$Companion
Event: 86.878 loading class com/android/tools/build/jetifier/core/pom/DependencyVersions$Companion done
Event: 86.880 Executing VM operation: CollectForMetadataAllocation


Dynamic libraries:
0x00007ff65f390000 - 0x00007ff65f3c1000 	E:\Android studio\jre\bin\java.exe
0x00007ffae06c0000 - 0x00007ffae08a0000 	C:\Windows\SYSTEM32\ntdll.dll
0x00007ffadf4c0000 - 0x00007ffadf56e000 	C:\Windows\System32\KERNEL32.DLL
0x00007ffadd680000 - 0x00007ffadd8e6000 	C:\Windows\System32\KERNELBASE.dll
0x00007ffadf570000 - 0x00007ffadf611000 	C:\Windows\System32\ADVAPI32.dll
0x00007ffae0420000 - 0x00007ffae04bd000 	C:\Windows\System32\msvcrt.dll
0x00007ffae0630000 - 0x00007ffae068b000 	C:\Windows\System32\sechost.dll
0x00007ffae02d0000 - 0x00007ffae03ef000 	C:\Windows\System32\RPCRT4.dll
0x00007ffadefd0000 - 0x00007ffadf15f000 	C:\Windows\System32\USER32.dll
0x00007ffadd950000 - 0x00007ffadd970000 	C:\Windows\System32\win32u.dll
0x00007ffae03f0000 - 0x00007ffae0418000 	C:\Windows\System32\GDI32.dll
0x00007ffadd970000 - 0x00007ffaddb03000 	C:\Windows\System32\gdi32full.dll
0x00007ffadcce0000 - 0x00007ffadcd7b000 	C:\Windows\System32\msvcp_win.dll
0x00007ffadd580000 - 0x00007ffadd674000 	C:\Windows\System32\ucrtbase.dll
0x00007ffacf920000 - 0x00007ffacfb89000 	C:\Windows\WinSxS\amd64_microsoft.windows.common-controls_6595b64144ccf1df_6.0.16299.1087_none_0f9074b65a6589b7\COMCTL32.dll
0x00007ffadffa0000 - 0x00007ffae02a6000 	C:\Windows\System32\combase.dll
0x00007ffaddb10000 - 0x00007ffaddb82000 	C:\Windows\System32\bcryptPrimitives.dll
0x00007ffadf490000 - 0x00007ffadf4bd000 	C:\Windows\System32\IMM32.DLL
0x000000005c7c0000 - 0x000000005c892000 	E:\Android studio\jre\jre\bin\msvcr100.dll
0x000000005bc30000 - 0x000000005c47b000 	E:\Android studio\jre\jre\bin\server\jvm.dll
0x00007ffadf750000 - 0x00007ffadf758000 	C:\Windows\System32\PSAPI.DLL
0x00007ffadacf0000 - 0x00007ffadacf9000 	C:\Windows\SYSTEM32\WSOCK32.dll
0x00007ffada870000 - 0x00007ffada893000 	C:\Windows\SYSTEM32\WINMM.dll
0x00007ffad7940000 - 0x00007ffad794a000 	C:\Windows\SYSTEM32\VERSION.dll
0x00007ffadf770000 - 0x00007ffadf7dc000 	C:\Windows\System32\WS2_32.dll
0x00007ffada840000 - 0x00007ffada86a000 	C:\Windows\SYSTEM32\winmmbase.dll
0x00007ffadcc90000 - 0x00007ffadccda000 	C:\Windows\System32\cfgmgr32.dll
0x00007ffad9530000 - 0x00007ffad953f000 	E:\Android studio\jre\jre\bin\verify.dll
0x00007ffad3590000 - 0x00007ffad35b9000 	E:\Android studio\jre\jre\bin\java.dll
0x00007ffad6720000 - 0x00007ffad6736000 	E:\Android studio\jre\jre\bin\zip.dll
0x00007ffaddb90000 - 0x00007ffadefc8000 	C:\Windows\System32\SHELL32.dll
0x00007ffadf6a0000 - 0x00007ffadf746000 	C:\Windows\System32\shcore.dll
0x00007ffadcd80000 - 0x00007ffadd4c7000 	C:\Windows\System32\windows.storage.dll
0x00007ffadf2e0000 - 0x00007ffadf331000 	C:\Windows\System32\shlwapi.dll
0x00007ffadca50000 - 0x00007ffadca61000 	C:\Windows\System32\kernel.appcore.dll
0x00007ffadca70000 - 0x00007ffadcabc000 	C:\Windows\System32\powrprof.dll
0x00007ffadca10000 - 0x00007ffadca2b000 	C:\Windows\System32\profapi.dll
0x00007ffad3340000 - 0x00007ffad335a000 	E:\Android studio\jre\jre\bin\net.dll
0x00007ffadc240000 - 0x00007ffadc2a6000 	C:\Windows\system32\mswsock.dll
0x00007ffad1750000 - 0x00007ffad1763000 	E:\Android studio\jre\jre\bin\nio.dll
0x00007ffad33b0000 - 0x00007ffad33d6000 	C:\Users\saket\.gradle\native\31\windows-amd64\native-platform.dll
0x00007ffad8800000 - 0x00007ffad880d000 	E:\Android studio\jre\jre\bin\management.dll
0x00007ffadc400000 - 0x00007ffadc417000 	C:\Windows\SYSTEM32\CRYPTSP.dll
0x00007ffadbe40000 - 0x00007ffadbe73000 	C:\Windows\system32\rsaenh.dll
0x00007ffadc570000 - 0x00007ffadc595000 	C:\Windows\SYSTEM32\bcrypt.dll
0x00007ffadc940000 - 0x00007ffadc969000 	C:\Windows\SYSTEM32\USERENV.dll
0x00007ffadc420000 - 0x00007ffadc42b000 	C:\Windows\SYSTEM32\CRYPTBASE.dll
0x00007ffadbfd0000 - 0x00007ffadc009000 	C:\Windows\SYSTEM32\IPHLPAPI.DLL
0x00007ffadf2d0000 - 0x00007ffadf2d8000 	C:\Windows\System32\NSI.dll
0x00007ffad6410000 - 0x00007ffad6426000 	C:\Windows\SYSTEM32\dhcpcsvc6.DLL
0x00007ffad63f0000 - 0x00007ffad640a000 	C:\Windows\SYSTEM32\dhcpcsvc.DLL
0x00007ffad0840000 - 0x00007ffad0864000 	E:\Android studio\jre\jre\bin\sunec.dll
0x00007ffadc010000 - 0x00007ffadc0c6000 	C:\Windows\SYSTEM32\DNSAPI.dll
0x00007ffad5790000 - 0x00007ffad579a000 	C:\Windows\System32\rasadhlp.dll
0x00007ffad5a80000 - 0x00007ffad5af0000 	C:\Windows\System32\fwpuclnt.dll
0x00007ffad8820000 - 0x00007ffad882b000 	E:\Android studio\jre\jre\bin\sunmscapi.dll
0x00007ffadcac0000 - 0x00007ffadcc8e000 	C:\Windows\System32\CRYPT32.dll
0x00007ffadca30000 - 0x00007ffadca42000 	C:\Windows\System32\MSASN1.dll
0x00007ffacdca0000 - 0x00007ffacde68000 	C:\Windows\SYSTEM32\dbghelp.dll

VM Arguments:
jvm_args: -Xmx2048m -Dfile.encoding=windows-1252 -Duser.country=US -Duser.language=en -Duser.variant 
java_command: org.gradle.launcher.daemon.bootstrap.GradleDaemon 6.1.1
java_class_path (initial): C:\Users\saket\.gradle\wrapper\dists\gradle-6.1.1-all\cfmwm155h49vnt3hynmlrsdst\gradle-6.1.1\lib\gradle-launcher-6.1.1.jar
Launcher Type: SUN_STANDARD

Environment Variables:
PATH=C:\Windows\system32;C:\Windows;C:\Windows\System32\Wbem;C:\Windows\System32\WindowsPowerShell\v1.0\;C:\Program Files (x86)\AMD\ATI.ACE\Core-Static;C:\Program Files\Git\cmd;C:\Users\saket\AppData\Local\Microsoft\WindowsApps;C:\Users\saket\AppData\Local\GitHubDesktop\bin
USERNAME=saket
OS=Windows_NT
PROCESSOR_IDENTIFIER=AMD64 Family 22 Model 48 Stepping 1, AuthenticAMD



---------------  S Y S T E M  ---------------

OS: Windows 10.0 , 64 bit Build 16299 (10.0.16299.1087)

CPU:total 4 (initial active 4) (4 cores per cpu, 1 threads per core) family 22 model 48 stepping 1, cmov, cx8, fxsr, mmx, sse, sse2, sse3, ssse3, sse4.1, sse4.2, popcnt, avx, aes, clmul, mmxext, 3dnowpref, lzcnt, sse4a, tsc, tscinvbit, tscinv, bmi1

Memory: 4k page, physical 7300208k(2680584k free), swap 14640240k(9357752k free)

vm_info: OpenJDK 64-Bit Server VM (25.242-b01) for windows-amd64 JRE (1.8.0_242-release-1644-b01), built by "builder" with MS VC++ 10.0 (VS2010)

time: Mon Aug 03 23:01:55 2020
timezone: India Standard Time
elapsed time: 86 seconds (0d 0h 1m 26s)

